<?xml version="1.0" encoding="UTF-8"?>
<!-- Generated by org.testng.reporters.JUnitXMLReporter -->
<testsuite hostname="DESKTOP-15THD46" ignored="0" name="loginTest" tests="2" failures="1" timestamp="22 Mar 2020 15:13:59 GMT" time="0.089" errors="0">
  <testcase name="loginByEmail" time="0.016" classname="com.inetBanking.rough.listeners.LoginTest"/>
  <testcase name="loginByFacebook" time="0.007" classname="com.inetBanking.rough.listeners.LoginTest">
    <failure type="java.lang.AssertionError" message="expected [moonmoon] but found [moon]">
      <![CDATA[java.lang.AssertionError: expected [moonmoon] but found [moon]
at com.inetBanking.rough.listeners.LoginTest.loginByFacebook(LoginTest.java:17)
... Removed 31 stack frames]]>
    </failure>
  </testcase> <!-- loginByFacebook -->
</testsuite> <!-- loginTest -->
