<?xml version="1.0" encoding="UTF-8"?>
<!-- Generated by org.testng.reporters.JUnitXMLReporter -->
<testsuite hostname="DESKTOP-15THD46" ignored="0" name="BankingApp Test" tests="2" failures="0" timestamp="02 Apr 2020 13:03:46 GMT" time="41.557" errors="0">
  <testcase name="loginTest" time="2.666" classname="com.inetBanking.testCases.TC_LoginTest_001"/>
  <testcase name="addNewCustomer" time="18.135" classname="com.inetBanking.testCases.TC_AddCustomerTest_003"/>
</testsuite> <!-- BankingApp Test -->
