<?xml version="1.0" encoding="UTF-8"?>
<!-- Generated by org.testng.reporters.JUnitXMLReporter -->
<testsuite hostname="DESKTOP-15THD46" ignored="0" name="BankingApp Test" tests="2" failures="0" timestamp="04 Apr 2020 17:42:53 GMT" time="104.641" errors="0">
  <testcase name="loginTest" time="15.846" classname="com.inetBanking.testCases.TC_LoginTest_001"/>
  <testcase name="addNewCustomer" time="22.21" classname="com.inetBanking.testCases.TC_AddCustomerTest_003"/>
</testsuite> <!-- BankingApp Test -->
